[debug] [2021-03-12T11:31:12.086Z] ----------------------------------------------------------------------
[debug] [2021-03-12T11:31:12.118Z] Command:       C:\Program Files\nodejs\node.exe C:\Users\Admin\AppData\Roaming\npm\node_modules\firebase-tools\lib\bin\firebase.js emulators:start
[debug] [2021-03-12T11:31:12.120Z] CLI Version:   9.6.0
[debug] [2021-03-12T11:31:12.121Z] Platform:      win32
[debug] [2021-03-12T11:31:12.122Z] Node Version:  v14.15.4
[debug] [2021-03-12T11:31:12.321Z] Time:          Fri Mar 12 2021 13:31:12 GMT+0200 (Восточная Европа, стандартное время)
[debug] [2021-03-12T11:31:12.322Z] ----------------------------------------------------------------------
[debug] [2021-03-12T11:31:12.322Z] 
[debug] [2021-03-12T11:31:12.399Z] > command requires scopes: ["email","openid","https://www.googleapis.com/auth/cloudplatformprojects.readonly","https://www.googleapis.com/auth/firebase","https://www.googleapis.com/auth/cloud-platform"]
[debug] [2021-03-12T11:31:12.401Z] > authorizing via signed-in user
[info] i  emulators: Starting emulators: functions, hosting {"metadata":{"emulator":{"name":"hub"},"message":"Starting emulators: functions, hosting"}}
[debug] [2021-03-12T11:31:12.716Z] [hub] writing locator at C:\Users\Admin\AppData\Local\Temp\hub-challenge-5383a.json
[warn] !  functions: The following emulators are not running, calls to these services from the Functions emulator will affect production: auth, firestore, database, pubsub {"metadata":{"emulator":{"name":"functions"},"message":"The following emulators are not running, calls to these services from the Functions emulator will affect production: \u001b[1mauth, firestore, database, pubsub\u001b[22m"}}
[warn] !  Your requested "node" version "12" doesn't match your global version "14" {"metadata":{"emulator":{"name":"functions"},"message":"Your requested \"node\" version \"12\" doesn't match your global version \"14\""}}
[debug] [2021-03-12T11:31:13.022Z] defaultcredentials: writing to file C:\Users\Admin\AppData\Roaming\firebase\stelmakhanna2001_gmail_com_application_default_credentials.json
[debug] [2021-03-12T11:31:13.052Z] Setting GAC to C:\Users\Admin\AppData\Roaming\firebase\stelmakhanna2001_gmail_com_application_default_credentials.json {"metadata":{"emulator":{"name":"functions"},"message":"Setting GAC to C:\\Users\\Admin\\AppData\\Roaming\\firebase\\stelmakhanna2001_gmail_com_application_default_credentials.json"}}
[debug] [2021-03-12T11:31:13.058Z] > refreshing access token with scopes: []
[debug] [2021-03-12T11:31:13.060Z] >>> HTTP REQUEST POST https://www.googleapis.com/oauth2/v3/token  
 <request body omitted>
[debug] [2021-03-12T11:31:13.193Z] <<< HTTP RESPONSE 200 {"expires":"Mon, 01 Jan 1990 00:00:00 GMT","pragma":"no-cache","cache-control":"no-cache, no-store, max-age=0, must-revalidate","date":"Fri, 12 Mar 2021 12:31:25 GMT","content-type":"application/json; charset=utf-8","vary":"X-Origin, Referer, Origin,Accept-Encoding","server":"scaffolding on HTTPServer2","x-xss-protection":"0","x-frame-options":"SAMEORIGIN","x-content-type-options":"nosniff","alt-svc":"h3-29=\":443\"; ma=2592000,h3-T051=\":443\"; ma=2592000,h3-Q050=\":443\"; ma=2592000,h3-Q046=\":443\"; ma=2592000,h3-Q043=\":443\"; ma=2592000,quic=\":443\"; ma=2592000; v=\"46,43\"","accept-ranges":"none","transfer-encoding":"chunked"}
[debug] [2021-03-12T11:31:13.298Z] >>> [apiv2][query] GET https://firebase.googleapis.com/v1beta1/projects/challenge-5383a/adminSdkConfig [none]
[debug] [2021-03-12T11:31:13.751Z] <<< [apiv2][status] GET https://firebase.googleapis.com/v1beta1/projects/challenge-5383a/adminSdkConfig 200
[debug] [2021-03-12T11:31:13.752Z] <<< [apiv2][body] GET https://firebase.googleapis.com/v1beta1/projects/challenge-5383a/adminSdkConfig {"projectId":"challenge-5383a","storageBucket":"challenge-5383a.appspot.com"}
[debug] [2021-03-12T11:31:13.871Z] >>> [apiv2][query] GET https://firebase.googleapis.com/v1beta1/projects/challenge-5383a/webApps/-/config [none]
[debug] [2021-03-12T11:31:14.613Z] <<< [apiv2][status] GET https://firebase.googleapis.com/v1beta1/projects/challenge-5383a/webApps/-/config 200
[debug] [2021-03-12T11:31:14.613Z] <<< [apiv2][body] GET https://firebase.googleapis.com/v1beta1/projects/challenge-5383a/webApps/-/config {"projectId":"challenge-5383a","appId":"1:1098211778468:web:ee71df7ad490dc9015eb31","storageBucket":"challenge-5383a.appspot.com","apiKey":"AIzaSyC_zzWw28loIdyWd46AMm4B6kwP1Hu4kb0","authDomain":"challenge-5383a.firebaseapp.com","messagingSenderId":"1098211778468","measurementId":"G-CC243D8MK7"}
[info] i  hosting: Serving hosting files from: build {"metadata":{"emulator":{"name":"hosting"},"message":"Serving hosting files from: \u001b[1mbuild\u001b[22m"}}
[info] +  hosting: Local server: http://localhost:5000 {"metadata":{"emulator":{"name":"hosting"},"message":"Local server: \u001b[4m\u001b[1mhttp://localhost:5000\u001b[22m\u001b[24m"}}
[info] i  ui: downloading ui-v1.4.2.zip... {"metadata":{"emulator":{"name":"ui"},"message":"downloading ui-v1.4.2.zip..."}}
[debug] [2021-03-12T11:31:16.363Z] >>> [apiv2][query] GET https://storage.googleapis.com/firebase-preview-drop/emulator/ui-v1.4.2.zip [none]
[debug] [2021-03-12T11:31:16.568Z] <<< [apiv2][status] GET https://storage.googleapis.com/firebase-preview-drop/emulator/ui-v1.4.2.zip 200
[debug] [2021-03-12T11:31:16.569Z] <<< [apiv2][body] GET https://storage.googleapis.com/firebase-preview-drop/emulator/ui-v1.4.2.zip [stream]
[debug] [2021-03-12T11:31:17.852Z] Ignoring unsupported arg: auto_download {"metadata":{"emulator":{"name":"ui"},"message":"Ignoring unsupported arg: auto_download"}}
[debug] [2021-03-12T11:31:17.853Z] Ignoring unsupported arg: port {"metadata":{"emulator":{"name":"ui"},"message":"Ignoring unsupported arg: port"}}
[debug] [2021-03-12T11:31:17.853Z] Starting Emulator UI with command {"binary":"node","args":["C:\\Users\\Admin\\.cache\\firebase\\emulators\\ui-v1.4.2\\server.bundle.js"],"optionalArgs":[],"joinArgs":false} {"metadata":{"emulator":{"name":"ui"},"message":"Starting Emulator UI with command {\"binary\":\"node\",\"args\":[\"C:\\\\Users\\\\Admin\\\\.cache\\\\firebase\\\\emulators\\\\ui-v1.4.2\\\\server.bundle.js\"],\"optionalArgs\":[],\"joinArgs\":false}"}}
[info] i  ui: Emulator UI logging to ui-debug.log {"metadata":{"emulator":{"name":"ui"},"message":"Emulator UI logging to \u001b[1mui-debug.log\u001b[22m"}}
[debug] [2021-03-12T11:31:18.661Z] Web / API server started at http://localhost:4000
 {"metadata":{"emulator":{"name":"ui"},"message":"Web / API server started at http://localhost:4000\n"}}
[info] i  functions: Watching "C:\Users\Admin\WebstormProjects\amazon\functions" for Cloud Functions... {"metadata":{"emulator":{"name":"functions"},"message":"Watching \"C:\\Users\\Admin\\WebstormProjects\\amazon\\functions\" for Cloud Functions..."}}
[debug] [2021-03-12T11:31:18.785Z] [worker-pool] addWorker(~diagnostic~) {"metadata":{"emulator":{"name":"functions"},"message":"[worker-pool] addWorker(~diagnostic~)"}}
[debug] [2021-03-12T11:31:18.786Z] [worker-pool] Adding worker with key ~diagnostic~, total=1 {"metadata":{"emulator":{"name":"functions"},"message":"[worker-pool] Adding worker with key ~diagnostic~, total=1"}}
[debug] [2021-03-12T11:31:18.786Z] [worker-pool] submitWork(triggerId=) {"metadata":{"emulator":{"name":"functions"},"message":"[worker-pool] submitWork(triggerId=)"}}
[debug] [2021-03-12T11:31:18.787Z] [worker-~diagnostic~-e189316b-ec26-424a-96c5-2120adac99cf]: Assigning socketPath: \\?\pipe\C:\Users\Admin\WebstormProjects\amazon\functions\8244 {"metadata":{"emulator":{"name":"functions"},"message":"[worker-~diagnostic~-e189316b-ec26-424a-96c5-2120adac99cf]: Assigning socketPath: \\\\?\\pipe\\C:\\Users\\Admin\\WebstormProjects\\amazon\\functions\\8244"}}
[debug] [2021-03-12T11:31:18.789Z] [worker-~diagnostic~-e189316b-ec26-424a-96c5-2120adac99cf]: BUSY {"metadata":{"emulator":{"name":"functions"},"message":"[worker-~diagnostic~-e189316b-ec26-424a-96c5-2120adac99cf]: BUSY"}}
[debug] [2021-03-12T11:31:19.478Z] [runtime-status] [8244] Functions runtime initialized. {"cwd":"C:\\Users\\Admin\\WebstormProjects\\amazon\\functions","node_version":"14.15.4"} {"metadata":{"emulator":{"name":"functions"},"message":"[runtime-status] [8244] Functions runtime initialized. {\"cwd\":\"C:\\\\Users\\\\Admin\\\\WebstormProjects\\\\amazon\\\\functions\",\"node_version\":\"14.15.4\"}"}}
[debug] [2021-03-12T11:31:19.483Z] [runtime-status] [8244] Disabled runtime features: undefined {"metadata":{"emulator":{"name":"functions"},"message":"[runtime-status] [8244] Disabled runtime features: undefined"}}
[debug] [2021-03-12T11:31:19.509Z] [runtime-status] [8244] Resolved module firebase-admin {"declared":true,"installed":true,"version":"9.5.0","resolution":"C:\\Users\\Admin\\WebstormProjects\\amazon\\functions\\node_modules\\firebase-admin\\lib\\index.js"} {"metadata":{"emulator":{"name":"functions"},"message":"[runtime-status] [8244] Resolved module firebase-admin {\"declared\":true,\"installed\":true,\"version\":\"9.5.0\",\"resolution\":\"C:\\\\Users\\\\Admin\\\\WebstormProjects\\\\amazon\\\\functions\\\\node_modules\\\\firebase-admin\\\\lib\\\\index.js\"}"}}
[debug] [2021-03-12T11:31:19.560Z] [runtime-status] [8244] Resolved module firebase-functions {"declared":true,"installed":true,"version":"3.13.2","resolution":"C:\\Users\\Admin\\WebstormProjects\\amazon\\functions\\node_modules\\firebase-functions\\lib\\index.js"} {"metadata":{"emulator":{"name":"functions"},"message":"[runtime-status] [8244] Resolved module firebase-functions {\"declared\":true,\"installed\":true,\"version\":\"3.13.2\",\"resolution\":\"C:\\\\Users\\\\Admin\\\\WebstormProjects\\\\amazon\\\\functions\\\\node_modules\\\\firebase-functions\\\\lib\\\\index.js\"}"}}
[debug] [2021-03-12T11:31:19.566Z] [runtime-status] [8244] Resolved module firebase-functions {"declared":true,"installed":true,"version":"3.13.2","resolution":"C:\\Users\\Admin\\WebstormProjects\\amazon\\functions\\node_modules\\firebase-functions\\lib\\index.js"} {"metadata":{"emulator":{"name":"functions"},"message":"[runtime-status] [8244] Resolved module firebase-functions {\"declared\":true,\"installed\":true,\"version\":\"3.13.2\",\"resolution\":\"C:\\\\Users\\\\Admin\\\\WebstormProjects\\\\amazon\\\\functions\\\\node_modules\\\\firebase-functions\\\\lib\\\\index.js\"}"}}
[debug] [2021-03-12T11:31:19.571Z] [runtime-status] [8244] Outgoing network have been stubbed. [{"name":"http","status":"mocked"},{"name":"http","status":"mocked"},{"name":"https","status":"mocked"},{"name":"https","status":"mocked"},{"name":"net","status":"mocked"}] {"metadata":{"emulator":{"name":"functions"},"message":"[runtime-status] [8244] Outgoing network have been stubbed. [{\"name\":\"http\",\"status\":\"mocked\"},{\"name\":\"http\",\"status\":\"mocked\"},{\"name\":\"https\",\"status\":\"mocked\"},{\"name\":\"https\",\"status\":\"mocked\"},{\"name\":\"net\",\"status\":\"mocked\"}]"}}
[debug] [2021-03-12T11:31:19.573Z] [runtime-status] [8244] Resolved module firebase-functions {"declared":true,"installed":true,"version":"3.13.2","resolution":"C:\\Users\\Admin\\WebstormProjects\\amazon\\functions\\node_modules\\firebase-functions\\lib\\index.js"} {"metadata":{"emulator":{"name":"functions"},"message":"[runtime-status] [8244] Resolved module firebase-functions {\"declared\":true,\"installed\":true,\"version\":\"3.13.2\",\"resolution\":\"C:\\\\Users\\\\Admin\\\\WebstormProjects\\\\amazon\\\\functions\\\\node_modules\\\\firebase-functions\\\\lib\\\\index.js\"}"}}
[debug] [2021-03-12T11:31:20.518Z] [runtime-status] [8244] Checked functions.config() {"config":{}} {"metadata":{"emulator":{"name":"functions"},"message":"[runtime-status] [8244] Checked functions.config() {\"config\":{}}"}}
[debug] [2021-03-12T11:31:20.519Z] [runtime-status] [8244] firebase-functions has been stubbed. {"functionsResolution":{"declared":true,"installed":true,"version":"3.13.2","resolution":"C:\\Users\\Admin\\WebstormProjects\\amazon\\functions\\node_modules\\firebase-functions\\lib\\index.js"}} {"metadata":{"emulator":{"name":"functions"},"message":"[runtime-status] [8244] firebase-functions has been stubbed. {\"functionsResolution\":{\"declared\":true,\"installed\":true,\"version\":\"3.13.2\",\"resolution\":\"C:\\\\Users\\\\Admin\\\\WebstormProjects\\\\amazon\\\\functions\\\\node_modules\\\\firebase-functions\\\\lib\\\\index.js\"}}"}}
[debug] [2021-03-12T11:31:20.521Z] [runtime-status] [8244] Resolved module firebase-functions {"declared":true,"installed":true,"version":"3.13.2","resolution":"C:\\Users\\Admin\\WebstormProjects\\amazon\\functions\\node_modules\\firebase-functions\\lib\\index.js"} {"metadata":{"emulator":{"name":"functions"},"message":"[runtime-status] [8244] Resolved module firebase-functions {\"declared\":true,\"installed\":true,\"version\":\"3.13.2\",\"resolution\":\"C:\\\\Users\\\\Admin\\\\WebstormProjects\\\\amazon\\\\functions\\\\node_modules\\\\firebase-functions\\\\lib\\\\index.js\"}"}}
[debug] [2021-03-12T11:31:20.526Z] [runtime-status] [8244] Resolved module firebase-admin {"declared":true,"installed":true,"version":"9.5.0","resolution":"C:\\Users\\Admin\\WebstormProjects\\amazon\\functions\\node_modules\\firebase-admin\\lib\\index.js"} {"metadata":{"emulator":{"name":"functions"},"message":"[runtime-status] [8244] Resolved module firebase-admin {\"declared\":true,\"installed\":true,\"version\":\"9.5.0\",\"resolution\":\"C:\\\\Users\\\\Admin\\\\WebstormProjects\\\\amazon\\\\functions\\\\node_modules\\\\firebase-admin\\\\lib\\\\index.js\"}"}}
[debug] [2021-03-12T11:31:20.528Z] [runtime-status] [8244] Resolved module firebase-functions {"declared":true,"installed":true,"version":"3.13.2","resolution":"C:\\Users\\Admin\\WebstormProjects\\amazon\\functions\\node_modules\\firebase-functions\\lib\\index.js"} {"metadata":{"emulator":{"name":"functions"},"message":"[runtime-status] [8244] Resolved module firebase-functions {\"declared\":true,\"installed\":true,\"version\":\"3.13.2\",\"resolution\":\"C:\\\\Users\\\\Admin\\\\WebstormProjects\\\\amazon\\\\functions\\\\node_modules\\\\firebase-functions\\\\lib\\\\index.js\"}"}}
[debug] [2021-03-12T11:31:20.529Z] [runtime-status] [8244] firebase-admin has been stubbed. {"adminResolution":{"declared":true,"installed":true,"version":"9.5.0","resolution":"C:\\Users\\Admin\\WebstormProjects\\amazon\\functions\\node_modules\\firebase-admin\\lib\\index.js"}} {"metadata":{"emulator":{"name":"functions"},"message":"[runtime-status] [8244] firebase-admin has been stubbed. {\"adminResolution\":{\"declared\":true,\"installed\":true,\"version\":\"9.5.0\",\"resolution\":\"C:\\\\Users\\\\Admin\\\\WebstormProjects\\\\amazon\\\\functions\\\\node_modules\\\\firebase-admin\\\\lib\\\\index.js\"}}"}}
[info] +  functions[api]: http function initialized (http://localhost:5001/challenge-5383a/us-central1/api). {"metadata":{"emulator":{"name":"functions"},"message":"\u001b[1mhttp\u001b[22m function initialized (http://localhost:5001/challenge-5383a/us-central1/api)."}}
[info] 
┌─────────────────────────────────────────────────────────────┐
│ ✔  All emulators ready! It is now safe to connect your app. │
│ i  View Emulator UI at http://localhost:4000                │
└─────────────────────────────────────────────────────────────┘

┌───────────┬────────────────┬─────────────────────────────────┐
│ Emulator  │ Host:Port      │ View in Emulator UI             │
├───────────┼────────────────┼─────────────────────────────────┤
│ Functions │ localhost:5001 │ http://localhost:4000/functions │
├───────────┼────────────────┼─────────────────────────────────┤
│ Hosting   │ localhost:5000 │ n/a                             │
└───────────┴────────────────┴─────────────────────────────────┘
  Emulator Hub running at localhost:4400
  Other reserved ports: 4500

Issues? Report them at https://github.com/firebase/firebase-tools/issues and attach the *-debug.log files.
 
[debug] [2021-03-12T11:31:24.570Z] [worker-~diagnostic~-e189316b-ec26-424a-96c5-2120adac99cf]: IDLE {"metadata":{"emulator":{"name":"functions"},"message":"[worker-~diagnostic~-e189316b-ec26-424a-96c5-2120adac99cf]: IDLE"}}
[debug] [2021-03-12T11:33:59.426Z] File C:\Users\Admin\WebstormProjects\amazon\functions\index.js changed, reloading triggers {"metadata":{"emulator":{"name":"functions"},"message":"File C:\\Users\\Admin\\WebstormProjects\\amazon\\functions\\index.js changed, reloading triggers"}}
[debug] [2021-03-12T11:33:59.884Z] File C:\Users\Admin\WebstormProjects\amazon\functions\index.js changed, reloading triggers {"metadata":{"emulator":{"name":"functions"},"message":"File C:\\Users\\Admin\\WebstormProjects\\amazon\\functions\\index.js changed, reloading triggers"}}
[debug] [2021-03-12T11:34:00.889Z] [worker-pool] Shutting down IDLE worker (~diagnostic~) {"metadata":{"emulator":{"name":"functions"},"message":"[worker-pool] Shutting down IDLE worker (~diagnostic~)"}}
[debug] [2021-03-12T11:34:00.889Z] [worker-~diagnostic~-e189316b-ec26-424a-96c5-2120adac99cf]: FINISHING {"metadata":{"emulator":{"name":"functions"},"message":"[worker-~diagnostic~-e189316b-ec26-424a-96c5-2120adac99cf]: FINISHING"}}
[debug] [2021-03-12T11:34:00.982Z] [worker-pool] addWorker(~diagnostic~) {"metadata":{"emulator":{"name":"functions"},"message":"[worker-pool] addWorker(~diagnostic~)"}}
[debug] [2021-03-12T11:34:00.982Z] [worker-pool] Adding worker with key ~diagnostic~, total=2 {"metadata":{"emulator":{"name":"functions"},"message":"[worker-pool] Adding worker with key ~diagnostic~, total=2"}}
[debug] [2021-03-12T11:34:00.983Z] [worker-pool] submitWork(triggerId=) {"metadata":{"emulator":{"name":"functions"},"message":"[worker-pool] submitWork(triggerId=)"}}
[debug] [2021-03-12T11:34:00.983Z] [worker-~diagnostic~-cb181c73-bf59-42d2-84dc-b47469f71cd8]: Assigning socketPath: \\?\pipe\C:\Users\Admin\WebstormProjects\amazon\functions\6304 {"metadata":{"emulator":{"name":"functions"},"message":"[worker-~diagnostic~-cb181c73-bf59-42d2-84dc-b47469f71cd8]: Assigning socketPath: \\\\?\\pipe\\C:\\Users\\Admin\\WebstormProjects\\amazon\\functions\\6304"}}
[debug] [2021-03-12T11:34:00.984Z] [worker-~diagnostic~-cb181c73-bf59-42d2-84dc-b47469f71cd8]: BUSY {"metadata":{"emulator":{"name":"functions"},"message":"[worker-~diagnostic~-cb181c73-bf59-42d2-84dc-b47469f71cd8]: BUSY"}}
[debug] [2021-03-12T11:34:01.005Z] [worker-~diagnostic~-e189316b-ec26-424a-96c5-2120adac99cf]: exited {"metadata":{"emulator":{"name":"functions"},"message":"[worker-~diagnostic~-e189316b-ec26-424a-96c5-2120adac99cf]: exited"}}
[debug] [2021-03-12T11:34:01.005Z] [worker-~diagnostic~-e189316b-ec26-424a-96c5-2120adac99cf]: FINISHED {"metadata":{"emulator":{"name":"functions"},"message":"[worker-~diagnostic~-e189316b-ec26-424a-96c5-2120adac99cf]: FINISHED"}}
[debug] [2021-03-12T11:34:02.544Z] [runtime-status] [6304] Functions runtime initialized. {"cwd":"C:\\Users\\Admin\\WebstormProjects\\amazon\\functions","node_version":"14.15.4"} {"metadata":{"emulator":{"name":"functions"},"message":"[runtime-status] [6304] Functions runtime initialized. {\"cwd\":\"C:\\\\Users\\\\Admin\\\\WebstormProjects\\\\amazon\\\\functions\",\"node_version\":\"14.15.4\"}"}}
[debug] [2021-03-12T11:34:02.553Z] [runtime-status] [6304] Disabled runtime features: undefined {"metadata":{"emulator":{"name":"functions"},"message":"[runtime-status] [6304] Disabled runtime features: undefined"}}
[debug] [2021-03-12T11:34:02.566Z] [runtime-status] [6304] Resolved module firebase-admin {"declared":true,"installed":true,"version":"9.5.0","resolution":"C:\\Users\\Admin\\WebstormProjects\\amazon\\functions\\node_modules\\firebase-admin\\lib\\index.js"} {"metadata":{"emulator":{"name":"functions"},"message":"[runtime-status] [6304] Resolved module firebase-admin {\"declared\":true,\"installed\":true,\"version\":\"9.5.0\",\"resolution\":\"C:\\\\Users\\\\Admin\\\\WebstormProjects\\\\amazon\\\\functions\\\\node_modules\\\\firebase-admin\\\\lib\\\\index.js\"}"}}
[debug] [2021-03-12T11:34:02.572Z] [runtime-status] [6304] Resolved module firebase-functions {"declared":true,"installed":true,"version":"3.13.2","resolution":"C:\\Users\\Admin\\WebstormProjects\\amazon\\functions\\node_modules\\firebase-functions\\lib\\index.js"} {"metadata":{"emulator":{"name":"functions"},"message":"[runtime-status] [6304] Resolved module firebase-functions {\"declared\":true,\"installed\":true,\"version\":\"3.13.2\",\"resolution\":\"C:\\\\Users\\\\Admin\\\\WebstormProjects\\\\amazon\\\\functions\\\\node_modules\\\\firebase-functions\\\\lib\\\\index.js\"}"}}
[debug] [2021-03-12T11:34:02.578Z] [runtime-status] [6304] Resolved module firebase-functions {"declared":true,"installed":true,"version":"3.13.2","resolution":"C:\\Users\\Admin\\WebstormProjects\\amazon\\functions\\node_modules\\firebase-functions\\lib\\index.js"} {"metadata":{"emulator":{"name":"functions"},"message":"[runtime-status] [6304] Resolved module firebase-functions {\"declared\":true,\"installed\":true,\"version\":\"3.13.2\",\"resolution\":\"C:\\\\Users\\\\Admin\\\\WebstormProjects\\\\amazon\\\\functions\\\\node_modules\\\\firebase-functions\\\\lib\\\\index.js\"}"}}
[debug] [2021-03-12T11:34:02.583Z] [runtime-status] [6304] Outgoing network have been stubbed. [{"name":"http","status":"mocked"},{"name":"http","status":"mocked"},{"name":"https","status":"mocked"},{"name":"https","status":"mocked"},{"name":"net","status":"mocked"}] {"metadata":{"emulator":{"name":"functions"},"message":"[runtime-status] [6304] Outgoing network have been stubbed. [{\"name\":\"http\",\"status\":\"mocked\"},{\"name\":\"http\",\"status\":\"mocked\"},{\"name\":\"https\",\"status\":\"mocked\"},{\"name\":\"https\",\"status\":\"mocked\"},{\"name\":\"net\",\"status\":\"mocked\"}]"}}
[debug] [2021-03-12T11:34:02.585Z] [runtime-status] [6304] Resolved module firebase-functions {"declared":true,"installed":true,"version":"3.13.2","resolution":"C:\\Users\\Admin\\WebstormProjects\\amazon\\functions\\node_modules\\firebase-functions\\lib\\index.js"} {"metadata":{"emulator":{"name":"functions"},"message":"[runtime-status] [6304] Resolved module firebase-functions {\"declared\":true,\"installed\":true,\"version\":\"3.13.2\",\"resolution\":\"C:\\\\Users\\\\Admin\\\\WebstormProjects\\\\amazon\\\\functions\\\\node_modules\\\\firebase-functions\\\\lib\\\\index.js\"}"}}
[debug] [2021-03-12T11:34:02.772Z] [runtime-status] [6304] Checked functions.config() {"config":{}} {"metadata":{"emulator":{"name":"functions"},"message":"[runtime-status] [6304] Checked functions.config() {\"config\":{}}"}}
[debug] [2021-03-12T11:34:02.774Z] [runtime-status] [6304] firebase-functions has been stubbed. {"functionsResolution":{"declared":true,"installed":true,"version":"3.13.2","resolution":"C:\\Users\\Admin\\WebstormProjects\\amazon\\functions\\node_modules\\firebase-functions\\lib\\index.js"}} {"metadata":{"emulator":{"name":"functions"},"message":"[runtime-status] [6304] firebase-functions has been stubbed. {\"functionsResolution\":{\"declared\":true,\"installed\":true,\"version\":\"3.13.2\",\"resolution\":\"C:\\\\Users\\\\Admin\\\\WebstormProjects\\\\amazon\\\\functions\\\\node_modules\\\\firebase-functions\\\\lib\\\\index.js\"}}"}}
[debug] [2021-03-12T11:34:02.776Z] [runtime-status] [6304] Resolved module firebase-functions {"declared":true,"installed":true,"version":"3.13.2","resolution":"C:\\Users\\Admin\\WebstormProjects\\amazon\\functions\\node_modules\\firebase-functions\\lib\\index.js"} {"metadata":{"emulator":{"name":"functions"},"message":"[runtime-status] [6304] Resolved module firebase-functions {\"declared\":true,\"installed\":true,\"version\":\"3.13.2\",\"resolution\":\"C:\\\\Users\\\\Admin\\\\WebstormProjects\\\\amazon\\\\functions\\\\node_modules\\\\firebase-functions\\\\lib\\\\index.js\"}"}}
[debug] [2021-03-12T11:34:02.781Z] [runtime-status] [6304] Resolved module firebase-admin {"declared":true,"installed":true,"version":"9.5.0","resolution":"C:\\Users\\Admin\\WebstormProjects\\amazon\\functions\\node_modules\\firebase-admin\\lib\\index.js"} {"metadata":{"emulator":{"name":"functions"},"message":"[runtime-status] [6304] Resolved module firebase-admin {\"declared\":true,\"installed\":true,\"version\":\"9.5.0\",\"resolution\":\"C:\\\\Users\\\\Admin\\\\WebstormProjects\\\\amazon\\\\functions\\\\node_modules\\\\firebase-admin\\\\lib\\\\index.js\"}"}}
[debug] [2021-03-12T11:34:02.784Z] [runtime-status] [6304] Resolved module firebase-functions {"declared":true,"installed":true,"version":"3.13.2","resolution":"C:\\Users\\Admin\\WebstormProjects\\amazon\\functions\\node_modules\\firebase-functions\\lib\\index.js"} {"metadata":{"emulator":{"name":"functions"},"message":"[runtime-status] [6304] Resolved module firebase-functions {\"declared\":true,\"installed\":true,\"version\":\"3.13.2\",\"resolution\":\"C:\\\\Users\\\\Admin\\\\WebstormProjects\\\\amazon\\\\functions\\\\node_modules\\\\firebase-functions\\\\lib\\\\index.js\"}"}}
[debug] [2021-03-12T11:34:02.785Z] [runtime-status] [6304] firebase-admin has been stubbed. {"adminResolution":{"declared":true,"installed":true,"version":"9.5.0","resolution":"C:\\Users\\Admin\\WebstormProjects\\amazon\\functions\\node_modules\\firebase-admin\\lib\\index.js"}} {"metadata":{"emulator":{"name":"functions"},"message":"[runtime-status] [6304] firebase-admin has been stubbed. {\"adminResolution\":{\"declared\":true,\"installed\":true,\"version\":\"9.5.0\",\"resolution\":\"C:\\\\Users\\\\Admin\\\\WebstormProjects\\\\amazon\\\\functions\\\\node_modules\\\\firebase-admin\\\\lib\\\\index.js\"}}"}}
[debug] [2021-03-12T11:34:03.459Z] [worker-~diagnostic~-cb181c73-bf59-42d2-84dc-b47469f71cd8]: IDLE {"metadata":{"emulator":{"name":"functions"},"message":"[worker-~diagnostic~-cb181c73-bf59-42d2-84dc-b47469f71cd8]: IDLE"}}
[debug] [2021-03-12T11:35:26.889Z] [work-queue] {"queueLength":1,"workRunningCount":0}
[debug] [2021-03-12T11:35:26.891Z] [work-queue] {"queueLength":0,"workRunningCount":1}
[debug] [2021-03-12T11:35:26.892Z] Accepted request GET /challenge-5383a/us-central1/api --> api
[debug] [2021-03-12T11:35:26.894Z] [worker-pool] Cleaned up workers for ~diagnostic~: 2 --> 1 {"metadata":{"emulator":{"name":"functions"},"message":"[worker-pool] Cleaned up workers for ~diagnostic~: 2 --> 1"}}
[debug] [2021-03-12T11:35:27.437Z] [worker-pool] addWorker(api) {"metadata":{"emulator":{"name":"functions"},"message":"[worker-pool] addWorker(api)"}}
[debug] [2021-03-12T11:35:27.438Z] [worker-pool] Adding worker with key api, total=1 {"metadata":{"emulator":{"name":"functions"},"message":"[worker-pool] Adding worker with key api, total=1"}}
[debug] [2021-03-12T11:35:27.438Z] [worker-pool] submitWork(triggerId=api) {"metadata":{"emulator":{"name":"functions"},"message":"[worker-pool] submitWork(triggerId=api)"}}
[debug] [2021-03-12T11:35:27.439Z] [worker-api-771905ec-6a0c-4720-886a-9b1c808645d3]: Assigning socketPath: \\?\pipe\C:\Users\Admin\WebstormProjects\amazon\functions\4596 {"metadata":{"emulator":{"name":"functions"},"message":"[worker-api-771905ec-6a0c-4720-886a-9b1c808645d3]: Assigning socketPath: \\\\?\\pipe\\C:\\Users\\Admin\\WebstormProjects\\amazon\\functions\\4596"}}
[debug] [2021-03-12T11:35:27.439Z] [worker-api-771905ec-6a0c-4720-886a-9b1c808645d3]: BUSY {"metadata":{"emulator":{"name":"functions"},"message":"[worker-api-771905ec-6a0c-4720-886a-9b1c808645d3]: BUSY"}}
[debug] [2021-03-12T11:35:32.004Z] [runtime-status] [4596] Functions runtime initialized. {"cwd":"C:\\Users\\Admin\\WebstormProjects\\amazon\\functions","node_version":"14.15.4"} {"metadata":{"emulator":{"name":"functions"},"function":{"name":"api"},"message":"[runtime-status] [4596] Functions runtime initialized. {\"cwd\":\"C:\\\\Users\\\\Admin\\\\WebstormProjects\\\\amazon\\\\functions\",\"node_version\":\"14.15.4\"}"}}
[debug] [2021-03-12T11:35:32.013Z] [runtime-status] [4596] Disabled runtime features: undefined {"metadata":{"emulator":{"name":"functions"},"function":{"name":"api"},"message":"[runtime-status] [4596] Disabled runtime features: undefined"}}
[debug] [2021-03-12T11:35:32.104Z] [runtime-status] [4596] Resolved module firebase-admin {"declared":true,"installed":true,"version":"9.5.0","resolution":"C:\\Users\\Admin\\WebstormProjects\\amazon\\functions\\node_modules\\firebase-admin\\lib\\index.js"} {"metadata":{"emulator":{"name":"functions"},"function":{"name":"api"},"message":"[runtime-status] [4596] Resolved module firebase-admin {\"declared\":true,\"installed\":true,\"version\":\"9.5.0\",\"resolution\":\"C:\\\\Users\\\\Admin\\\\WebstormProjects\\\\amazon\\\\functions\\\\node_modules\\\\firebase-admin\\\\lib\\\\index.js\"}"}}
[debug] [2021-03-12T11:35:32.171Z] [runtime-status] [4596] Resolved module firebase-functions {"declared":true,"installed":true,"version":"3.13.2","resolution":"C:\\Users\\Admin\\WebstormProjects\\amazon\\functions\\node_modules\\firebase-functions\\lib\\index.js"} {"metadata":{"emulator":{"name":"functions"},"function":{"name":"api"},"message":"[runtime-status] [4596] Resolved module firebase-functions {\"declared\":true,\"installed\":true,\"version\":\"3.13.2\",\"resolution\":\"C:\\\\Users\\\\Admin\\\\WebstormProjects\\\\amazon\\\\functions\\\\node_modules\\\\firebase-functions\\\\lib\\\\index.js\"}"}}
[debug] [2021-03-12T11:35:32.178Z] [runtime-status] [4596] Resolved module firebase-functions {"declared":true,"installed":true,"version":"3.13.2","resolution":"C:\\Users\\Admin\\WebstormProjects\\amazon\\functions\\node_modules\\firebase-functions\\lib\\index.js"} {"metadata":{"emulator":{"name":"functions"},"function":{"name":"api"},"message":"[runtime-status] [4596] Resolved module firebase-functions {\"declared\":true,\"installed\":true,\"version\":\"3.13.2\",\"resolution\":\"C:\\\\Users\\\\Admin\\\\WebstormProjects\\\\amazon\\\\functions\\\\node_modules\\\\firebase-functions\\\\lib\\\\index.js\"}"}}
[debug] [2021-03-12T11:35:32.185Z] [runtime-status] [4596] Outgoing network have been stubbed. [{"name":"http","status":"mocked"},{"name":"http","status":"mocked"},{"name":"https","status":"mocked"},{"name":"https","status":"mocked"},{"name":"net","status":"mocked"}] {"metadata":{"emulator":{"name":"functions"},"function":{"name":"api"},"message":"[runtime-status] [4596] Outgoing network have been stubbed. [{\"name\":\"http\",\"status\":\"mocked\"},{\"name\":\"http\",\"status\":\"mocked\"},{\"name\":\"https\",\"status\":\"mocked\"},{\"name\":\"https\",\"status\":\"mocked\"},{\"name\":\"net\",\"status\":\"mocked\"}]"}}
[debug] [2021-03-12T11:35:32.188Z] [runtime-status] [4596] Resolved module firebase-functions {"declared":true,"installed":true,"version":"3.13.2","resolution":"C:\\Users\\Admin\\WebstormProjects\\amazon\\functions\\node_modules\\firebase-functions\\lib\\index.js"} {"metadata":{"emulator":{"name":"functions"},"function":{"name":"api"},"message":"[runtime-status] [4596] Resolved module firebase-functions {\"declared\":true,\"installed\":true,\"version\":\"3.13.2\",\"resolution\":\"C:\\\\Users\\\\Admin\\\\WebstormProjects\\\\amazon\\\\functions\\\\node_modules\\\\firebase-functions\\\\lib\\\\index.js\"}"}}
[debug] [2021-03-12T11:35:33.280Z] [runtime-status] [4596] Checked functions.config() {"config":{}} {"metadata":{"emulator":{"name":"functions"},"function":{"name":"api"},"message":"[runtime-status] [4596] Checked functions.config() {\"config\":{}}"}}
[debug] [2021-03-12T11:35:33.282Z] [runtime-status] [4596] firebase-functions has been stubbed. {"functionsResolution":{"declared":true,"installed":true,"version":"3.13.2","resolution":"C:\\Users\\Admin\\WebstormProjects\\amazon\\functions\\node_modules\\firebase-functions\\lib\\index.js"}} {"metadata":{"emulator":{"name":"functions"},"function":{"name":"api"},"message":"[runtime-status] [4596] firebase-functions has been stubbed. {\"functionsResolution\":{\"declared\":true,\"installed\":true,\"version\":\"3.13.2\",\"resolution\":\"C:\\\\Users\\\\Admin\\\\WebstormProjects\\\\amazon\\\\functions\\\\node_modules\\\\firebase-functions\\\\lib\\\\index.js\"}}"}}
[debug] [2021-03-12T11:35:33.285Z] [runtime-status] [4596] Resolved module firebase-functions {"declared":true,"installed":true,"version":"3.13.2","resolution":"C:\\Users\\Admin\\WebstormProjects\\amazon\\functions\\node_modules\\firebase-functions\\lib\\index.js"} {"metadata":{"emulator":{"name":"functions"},"function":{"name":"api"},"message":"[runtime-status] [4596] Resolved module firebase-functions {\"declared\":true,\"installed\":true,\"version\":\"3.13.2\",\"resolution\":\"C:\\\\Users\\\\Admin\\\\WebstormProjects\\\\amazon\\\\functions\\\\node_modules\\\\firebase-functions\\\\lib\\\\index.js\"}"}}
[debug] [2021-03-12T11:35:33.295Z] [runtime-status] [4596] Resolved module firebase-admin {"declared":true,"installed":true,"version":"9.5.0","resolution":"C:\\Users\\Admin\\WebstormProjects\\amazon\\functions\\node_modules\\firebase-admin\\lib\\index.js"} {"metadata":{"emulator":{"name":"functions"},"function":{"name":"api"},"message":"[runtime-status] [4596] Resolved module firebase-admin {\"declared\":true,\"installed\":true,\"version\":\"9.5.0\",\"resolution\":\"C:\\\\Users\\\\Admin\\\\WebstormProjects\\\\amazon\\\\functions\\\\node_modules\\\\firebase-admin\\\\lib\\\\index.js\"}"}}
[debug] [2021-03-12T11:35:33.299Z] [runtime-status] [4596] Resolved module firebase-functions {"declared":true,"installed":true,"version":"3.13.2","resolution":"C:\\Users\\Admin\\WebstormProjects\\amazon\\functions\\node_modules\\firebase-functions\\lib\\index.js"} {"metadata":{"emulator":{"name":"functions"},"function":{"name":"api"},"message":"[runtime-status] [4596] Resolved module firebase-functions {\"declared\":true,\"installed\":true,\"version\":\"3.13.2\",\"resolution\":\"C:\\\\Users\\\\Admin\\\\WebstormProjects\\\\amazon\\\\functions\\\\node_modules\\\\firebase-functions\\\\lib\\\\index.js\"}"}}
[debug] [2021-03-12T11:35:33.300Z] [runtime-status] [4596] firebase-admin has been stubbed. {"adminResolution":{"declared":true,"installed":true,"version":"9.5.0","resolution":"C:\\Users\\Admin\\WebstormProjects\\amazon\\functions\\node_modules\\firebase-admin\\lib\\index.js"}} {"metadata":{"emulator":{"name":"functions"},"function":{"name":"api"},"message":"[runtime-status] [4596] firebase-admin has been stubbed. {\"adminResolution\":{\"declared\":true,\"installed\":true,\"version\":\"9.5.0\",\"resolution\":\"C:\\\\Users\\\\Admin\\\\WebstormProjects\\\\amazon\\\\functions\\\\node_modules\\\\firebase-admin\\\\lib\\\\index.js\"}}"}}
[debug] [2021-03-12T11:35:35.965Z] [runtime-status] [4596] Trigger "api" has been found, beginning invocation! {"metadata":{"emulator":{"name":"functions"},"function":{"name":"api"},"message":"[runtime-status] [4596] Trigger \"api\" has been found, beginning invocation!"}}
[info] i  functions: Beginning execution of "api" {"metadata":{"emulator":{"name":"functions"},"function":{"name":"api"},"message":"Beginning execution of \"api\""}}
[debug] [2021-03-12T11:35:35.970Z] [runtime-status] [4596] triggerDefinition {"httpsTrigger":{},"name":"api","entryPoint":"api"} {"metadata":{"emulator":{"name":"functions"},"function":{"name":"api"},"message":"[runtime-status] [4596] triggerDefinition {\"httpsTrigger\":{},\"name\":\"api\",\"entryPoint\":\"api\"}"}}
[debug] [2021-03-12T11:35:35.971Z] [runtime-status] [4596] Running api in mode HTTPS {"metadata":{"emulator":{"name":"functions"},"function":{"name":"api"},"message":"[runtime-status] [4596] Running api in mode HTTPS"}}
[debug] [2021-03-12T11:35:35.984Z] [runtime-status] [4596] Attempting to listen to socketPath: \\?\pipe\C:\Users\Admin\WebstormProjects\amazon\functions\4596 {"metadata":{"emulator":{"name":"functions"},"function":{"name":"api"},"message":"[runtime-status] [4596] Attempting to listen to socketPath: \\\\?\\pipe\\C:\\Users\\Admin\\WebstormProjects\\amazon\\functions\\4596"}}
[debug] [2021-03-12T11:35:36.081Z] [functions] Runtime ready! Sending request! {"metadata":{"emulator":{"name":"functions"},"message":"[functions] Runtime ready! Sending request!"}}
[debug] [2021-03-12T11:35:36.084Z] [functions] Got req.url=/challenge-5383a/us-central1/api, mapping to path=/ {"metadata":{"emulator":{"name":"functions"},"message":"[functions] Got req.url=/challenge-5383a/us-central1/api, mapping to path=/"}}
[debug] [2021-03-12T11:35:36.124Z] [runtime-status] [4596] Ephemeral server handling GET request {"metadata":{"emulator":{"name":"functions"},"function":{"name":"api"},"message":"[runtime-status] [4596] Ephemeral server handling GET request"}}
[debug] [2021-03-12T11:35:36.152Z] [runtime-status] [4596] Ephemeral server survived. {"metadata":{"emulator":{"name":"functions"},"function":{"name":"api"},"message":"[runtime-status] [4596] Ephemeral server survived."}}
[info] i  functions: Finished "api" in ~1s {"metadata":{"emulator":{"name":"functions"},"function":{"name":"api"},"message":"Finished \"api\" in ~1s"}}
[debug] [2021-03-12T11:35:36.164Z] [worker-api-771905ec-6a0c-4720-886a-9b1c808645d3]: IDLE {"metadata":{"emulator":{"name":"functions"},"message":"[worker-api-771905ec-6a0c-4720-886a-9b1c808645d3]: IDLE"}}
[debug] [2021-03-12T11:35:36.165Z] [work-queue] {"queueLength":0,"workRunningCount":0}
[debug] [2021-03-12T11:35:38.616Z] Functions emulator received unknown request at path /favicon.ico
[debug] [2021-03-12T11:55:55.998Z] File C:\Users\Admin\WebstormProjects\amazon\functions\index.js changed, reloading triggers {"metadata":{"emulator":{"name":"functions"},"message":"File C:\\Users\\Admin\\WebstormProjects\\amazon\\functions\\index.js changed, reloading triggers"}}
[debug] [2021-03-12T11:55:56.586Z] File C:\Users\Admin\WebstormProjects\amazon\functions\index.js changed, reloading triggers {"metadata":{"emulator":{"name":"functions"},"message":"File C:\\Users\\Admin\\WebstormProjects\\amazon\\functions\\index.js changed, reloading triggers"}}
[debug] [2021-03-12T11:55:57.593Z] [worker-pool] Shutting down IDLE worker (~diagnostic~) {"metadata":{"emulator":{"name":"functions"},"message":"[worker-pool] Shutting down IDLE worker (~diagnostic~)"}}
[debug] [2021-03-12T11:55:57.594Z] [worker-~diagnostic~-cb181c73-bf59-42d2-84dc-b47469f71cd8]: FINISHING {"metadata":{"emulator":{"name":"functions"},"message":"[worker-~diagnostic~-cb181c73-bf59-42d2-84dc-b47469f71cd8]: FINISHING"}}
[debug] [2021-03-12T11:55:57.595Z] [worker-pool] Shutting down IDLE worker (api) {"metadata":{"emulator":{"name":"functions"},"message":"[worker-pool] Shutting down IDLE worker (api)"}}
[debug] [2021-03-12T11:55:57.595Z] [worker-api-771905ec-6a0c-4720-886a-9b1c808645d3]: FINISHING {"metadata":{"emulator":{"name":"functions"},"message":"[worker-api-771905ec-6a0c-4720-886a-9b1c808645d3]: FINISHING"}}
[debug] [2021-03-12T11:55:57.618Z] [worker-pool] addWorker(~diagnostic~) {"metadata":{"emulator":{"name":"functions"},"message":"[worker-pool] addWorker(~diagnostic~)"}}
[debug] [2021-03-12T11:55:57.619Z] [worker-pool] Adding worker with key ~diagnostic~, total=2 {"metadata":{"emulator":{"name":"functions"},"message":"[worker-pool] Adding worker with key ~diagnostic~, total=2"}}
[debug] [2021-03-12T11:55:57.621Z] [worker-pool] submitWork(triggerId=) {"metadata":{"emulator":{"name":"functions"},"message":"[worker-pool] submitWork(triggerId=)"}}
[debug] [2021-03-12T11:55:57.622Z] [worker-~diagnostic~-c5dc853f-d029-427c-aa83-ff193c0c6717]: Assigning socketPath: \\?\pipe\C:\Users\Admin\WebstormProjects\amazon\functions\1504 {"metadata":{"emulator":{"name":"functions"},"message":"[worker-~diagnostic~-c5dc853f-d029-427c-aa83-ff193c0c6717]: Assigning socketPath: \\\\?\\pipe\\C:\\Users\\Admin\\WebstormProjects\\amazon\\functions\\1504"}}
[debug] [2021-03-12T11:55:57.622Z] [worker-~diagnostic~-c5dc853f-d029-427c-aa83-ff193c0c6717]: BUSY {"metadata":{"emulator":{"name":"functions"},"message":"[worker-~diagnostic~-c5dc853f-d029-427c-aa83-ff193c0c6717]: BUSY"}}
[debug] [2021-03-12T11:55:57.625Z] [worker-~diagnostic~-cb181c73-bf59-42d2-84dc-b47469f71cd8]: exited {"metadata":{"emulator":{"name":"functions"},"message":"[worker-~diagnostic~-cb181c73-bf59-42d2-84dc-b47469f71cd8]: exited"}}
[debug] [2021-03-12T11:55:57.625Z] [worker-~diagnostic~-cb181c73-bf59-42d2-84dc-b47469f71cd8]: FINISHED {"metadata":{"emulator":{"name":"functions"},"message":"[worker-~diagnostic~-cb181c73-bf59-42d2-84dc-b47469f71cd8]: FINISHED"}}
[debug] [2021-03-12T11:55:57.626Z] [worker-api-771905ec-6a0c-4720-886a-9b1c808645d3]: exited {"metadata":{"emulator":{"name":"functions"},"message":"[worker-api-771905ec-6a0c-4720-886a-9b1c808645d3]: exited"}}
[debug] [2021-03-12T11:55:57.626Z] [worker-api-771905ec-6a0c-4720-886a-9b1c808645d3]: FINISHED {"metadata":{"emulator":{"name":"functions"},"message":"[worker-api-771905ec-6a0c-4720-886a-9b1c808645d3]: FINISHED"}}
[debug] [2021-03-12T11:55:58.822Z] [runtime-status] [1504] Functions runtime initialized. {"cwd":"C:\\Users\\Admin\\WebstormProjects\\amazon\\functions","node_version":"14.15.4"} {"metadata":{"emulator":{"name":"functions"},"message":"[runtime-status] [1504] Functions runtime initialized. {\"cwd\":\"C:\\\\Users\\\\Admin\\\\WebstormProjects\\\\amazon\\\\functions\",\"node_version\":\"14.15.4\"}"}}
[debug] [2021-03-12T11:55:58.830Z] [runtime-status] [1504] Disabled runtime features: undefined {"metadata":{"emulator":{"name":"functions"},"message":"[runtime-status] [1504] Disabled runtime features: undefined"}}
[debug] [2021-03-12T11:55:58.861Z] [runtime-status] [1504] Resolved module firebase-admin {"declared":true,"installed":true,"version":"9.5.0","resolution":"C:\\Users\\Admin\\WebstormProjects\\amazon\\functions\\node_modules\\firebase-admin\\lib\\index.js"} {"metadata":{"emulator":{"name":"functions"},"message":"[runtime-status] [1504] Resolved module firebase-admin {\"declared\":true,\"installed\":true,\"version\":\"9.5.0\",\"resolution\":\"C:\\\\Users\\\\Admin\\\\WebstormProjects\\\\amazon\\\\functions\\\\node_modules\\\\firebase-admin\\\\lib\\\\index.js\"}"}}
[debug] [2021-03-12T11:55:58.870Z] [runtime-status] [1504] Resolved module firebase-functions {"declared":true,"installed":true,"version":"3.13.2","resolution":"C:\\Users\\Admin\\WebstormProjects\\amazon\\functions\\node_modules\\firebase-functions\\lib\\index.js"} {"metadata":{"emulator":{"name":"functions"},"message":"[runtime-status] [1504] Resolved module firebase-functions {\"declared\":true,\"installed\":true,\"version\":\"3.13.2\",\"resolution\":\"C:\\\\Users\\\\Admin\\\\WebstormProjects\\\\amazon\\\\functions\\\\node_modules\\\\firebase-functions\\\\lib\\\\index.js\"}"}}
[debug] [2021-03-12T11:55:58.876Z] [runtime-status] [1504] Resolved module firebase-functions {"declared":true,"installed":true,"version":"3.13.2","resolution":"C:\\Users\\Admin\\WebstormProjects\\amazon\\functions\\node_modules\\firebase-functions\\lib\\index.js"} {"metadata":{"emulator":{"name":"functions"},"message":"[runtime-status] [1504] Resolved module firebase-functions {\"declared\":true,\"installed\":true,\"version\":\"3.13.2\",\"resolution\":\"C:\\\\Users\\\\Admin\\\\WebstormProjects\\\\amazon\\\\functions\\\\node_modules\\\\firebase-functions\\\\lib\\\\index.js\"}"}}
[debug] [2021-03-12T11:55:58.882Z] [runtime-status] [1504] Outgoing network have been stubbed. [{"name":"http","status":"mocked"},{"name":"http","status":"mocked"},{"name":"https","status":"mocked"},{"name":"https","status":"mocked"},{"name":"net","status":"mocked"}] {"metadata":{"emulator":{"name":"functions"},"message":"[runtime-status] [1504] Outgoing network have been stubbed. [{\"name\":\"http\",\"status\":\"mocked\"},{\"name\":\"http\",\"status\":\"mocked\"},{\"name\":\"https\",\"status\":\"mocked\"},{\"name\":\"https\",\"status\":\"mocked\"},{\"name\":\"net\",\"status\":\"mocked\"}]"}}
[debug] [2021-03-12T11:55:58.885Z] [runtime-status] [1504] Resolved module firebase-functions {"declared":true,"installed":true,"version":"3.13.2","resolution":"C:\\Users\\Admin\\WebstormProjects\\amazon\\functions\\node_modules\\firebase-functions\\lib\\index.js"} {"metadata":{"emulator":{"name":"functions"},"message":"[runtime-status] [1504] Resolved module firebase-functions {\"declared\":true,\"installed\":true,\"version\":\"3.13.2\",\"resolution\":\"C:\\\\Users\\\\Admin\\\\WebstormProjects\\\\amazon\\\\functions\\\\node_modules\\\\firebase-functions\\\\lib\\\\index.js\"}"}}
[debug] [2021-03-12T11:55:59.244Z] [runtime-status] [1504] Checked functions.config() {"config":{}} {"metadata":{"emulator":{"name":"functions"},"message":"[runtime-status] [1504] Checked functions.config() {\"config\":{}}"}}
[debug] [2021-03-12T11:55:59.244Z] [runtime-status] [1504] firebase-functions has been stubbed. {"functionsResolution":{"declared":true,"installed":true,"version":"3.13.2","resolution":"C:\\Users\\Admin\\WebstormProjects\\amazon\\functions\\node_modules\\firebase-functions\\lib\\index.js"}} {"metadata":{"emulator":{"name":"functions"},"message":"[runtime-status] [1504] firebase-functions has been stubbed. {\"functionsResolution\":{\"declared\":true,\"installed\":true,\"version\":\"3.13.2\",\"resolution\":\"C:\\\\Users\\\\Admin\\\\WebstormProjects\\\\amazon\\\\functions\\\\node_modules\\\\firebase-functions\\\\lib\\\\index.js\"}}"}}
[debug] [2021-03-12T11:55:59.246Z] [runtime-status] [1504] Resolved module firebase-functions {"declared":true,"installed":true,"version":"3.13.2","resolution":"C:\\Users\\Admin\\WebstormProjects\\amazon\\functions\\node_modules\\firebase-functions\\lib\\index.js"} {"metadata":{"emulator":{"name":"functions"},"message":"[runtime-status] [1504] Resolved module firebase-functions {\"declared\":true,\"installed\":true,\"version\":\"3.13.2\",\"resolution\":\"C:\\\\Users\\\\Admin\\\\WebstormProjects\\\\amazon\\\\functions\\\\node_modules\\\\firebase-functions\\\\lib\\\\index.js\"}"}}
[debug] [2021-03-12T11:55:59.251Z] [runtime-status] [1504] Resolved module firebase-admin {"declared":true,"installed":true,"version":"9.5.0","resolution":"C:\\Users\\Admin\\WebstormProjects\\amazon\\functions\\node_modules\\firebase-admin\\lib\\index.js"} {"metadata":{"emulator":{"name":"functions"},"message":"[runtime-status] [1504] Resolved module firebase-admin {\"declared\":true,\"installed\":true,\"version\":\"9.5.0\",\"resolution\":\"C:\\\\Users\\\\Admin\\\\WebstormProjects\\\\amazon\\\\functions\\\\node_modules\\\\firebase-admin\\\\lib\\\\index.js\"}"}}
[debug] [2021-03-12T11:55:59.253Z] [runtime-status] [1504] Resolved module firebase-functions {"declared":true,"installed":true,"version":"3.13.2","resolution":"C:\\Users\\Admin\\WebstormProjects\\amazon\\functions\\node_modules\\firebase-functions\\lib\\index.js"} {"metadata":{"emulator":{"name":"functions"},"message":"[runtime-status] [1504] Resolved module firebase-functions {\"declared\":true,\"installed\":true,\"version\":\"3.13.2\",\"resolution\":\"C:\\\\Users\\\\Admin\\\\WebstormProjects\\\\amazon\\\\functions\\\\node_modules\\\\firebase-functions\\\\lib\\\\index.js\"}"}}
[debug] [2021-03-12T11:55:59.254Z] [runtime-status] [1504] firebase-admin has been stubbed. {"adminResolution":{"declared":true,"installed":true,"version":"9.5.0","resolution":"C:\\Users\\Admin\\WebstormProjects\\amazon\\functions\\node_modules\\firebase-admin\\lib\\index.js"}} {"metadata":{"emulator":{"name":"functions"},"message":"[runtime-status] [1504] firebase-admin has been stubbed. {\"adminResolution\":{\"declared\":true,\"installed\":true,\"version\":\"9.5.0\",\"resolution\":\"C:\\\\Users\\\\Admin\\\\WebstormProjects\\\\amazon\\\\functions\\\\node_modules\\\\firebase-admin\\\\lib\\\\index.js\"}}"}}
[debug] [2021-03-12T11:56:00.746Z] [worker-~diagnostic~-c5dc853f-d029-427c-aa83-ff193c0c6717]: IDLE {"metadata":{"emulator":{"name":"functions"},"message":"[worker-~diagnostic~-c5dc853f-d029-427c-aa83-ff193c0c6717]: IDLE"}}
[debug] [2021-03-12T18:14:28.772Z] [worker-~diagnostic~-c5dc853f-d029-427c-aa83-ff193c0c6717]: exited {"metadata":{"emulator":{"name":"functions"},"message":"[worker-~diagnostic~-c5dc853f-d029-427c-aa83-ff193c0c6717]: exited"}}
[debug] [2021-03-12T18:14:29.158Z] [worker-~diagnostic~-c5dc853f-d029-427c-aa83-ff193c0c6717]: FINISHED {"metadata":{"emulator":{"name":"functions"},"message":"[worker-~diagnostic~-c5dc853f-d029-427c-aa83-ff193c0c6717]: FINISHED"}}
[debug] [2021-03-12T18:14:30.538Z] Received signal SIGHUP 1
[info]  
[info] i  emulators: Received SIGHUP for the first time. Starting a clean shutdown. 
[info] i  emulators: Please wait for a clean shutdown or send the SIGHUP signal again to stop right now. 
[info] i  emulators: Shutting down emulators. {"metadata":{"emulator":{"name":"hub"},"message":"Shutting down emulators."}}
[info] i  ui: Stopping Emulator UI {"metadata":{"emulator":{"name":"ui"},"message":"Stopping Emulator UI"}}
